# JRE version: OpenJDK Runtime Environment Temurin-21.0.6+7 (21.0.6+7) (build 21.0.6+7-LTS)
# Java VM: OpenJDK 64-Bit Server VM Temurin-21.0.6+7 (21.0.6+7-LTS, mixed mode, sharing, tiered, compressed oops, compressed class ptrs, parallel gc, windows-amd64)
GC Precious Log:
 CardTable entry size: 512
 CPUs: 4 total, 4 available
 Memory: 12028M
 Large Page Support: Disabled
 NUMA Support: Disabled
 Compressed Oops: Enabled (32-bit)
 Alignments: Space 512K, Generation 512K, Heap 2M
 Heap Min Capacity: 100M
 Heap Initial Capacity: 100M
 Heap Max Capacity: 1G
 Pre-touch: Disabled
 Parallel Workers: 4
Heap:
 PSYoungGen      total 24064K, used 14548K [0x00000000eab00000, 0x00000000ec600000, 0x0000000100000000)
  eden space 22016K, 57% used [0x00000000eab00000,0x00000000eb75d140,0x00000000ec080000)
  from space 2048K, 92% used [0x00000000ec080000,0x00000000ec258000,0x00000000ec280000)
  to   space 2560K, 0% used [0x00000000ec380000,0x00000000ec380000,0x00000000ec600000)
 ParOldGen       total 68608K, used 22322K [0x00000000c0000000, 0x00000000c4300000, 0x00000000eab00000)
  object space 68608K, 32% used [0x00000000c0000000,0x00000000c15ccac0,0x00000000c4300000)
 Metaspace       used 42618K, committed 43776K, reserved 1114112K
  class space    used 4429K, committed 4928K, reserved 1048576K
GC Heap History (20 events):
Event: 13.699 GC heap before
{Heap before GC invocations=10 (full 1):
 PSYoungGen      total 25088K, used 25067K [0x00000000eab00000, 0x00000000eca00000, 0x0000000100000000)
  eden space 24064K, 100% used [0x00000000eab00000,0x00000000ec280000,0x00000000ec280000)
  from space 1024K, 97% used [0x00000000ec900000,0x00000000ec9fac30,0x00000000eca00000)
  to   space 2560K, 0% used [0x00000000ec500000,0x00000000ec500000,0x00000000ec780000)
 ParOldGen       total 68608K, used 13322K [0x00000000c0000000, 0x00000000c4300000, 0x00000000eab00000)
  object space 68608K, 19% used [0x00000000c0000000,0x00000000c0d02960,0x00000000c4300000)
 Metaspace       used 26478K, committed 27456K, reserved 1114112K
  class space    used 2538K, committed 3008K, reserved 1048576K
}
Event: 13.701 GC heap after
{Heap after GC invocations=10 (full 1):
 PSYoungGen      total 26112K, used 1116K [0x00000000eab00000, 0x00000000ec980000, 0x0000000100000000)
  eden space 23552K, 0% used [0x00000000eab00000,0x00000000eab00000,0x00000000ec200000)
  from space 2560K, 43% used [0x00000000ec500000,0x00000000ec6172a8,0x00000000ec780000)
  to   space 1536K, 0% used [0x00000000ec800000,0x00000000ec800000,0x00000000ec980000)
 ParOldGen       total 68608K, used 13330K [0x00000000c0000000, 0x00000000c4300000, 0x00000000eab00000)
  object space 68608K, 19% used [0x00000000c0000000,0x00000000c0d04960,0x00000000c4300000)
 Metaspace       used 26478K, committed 27456K, reserved 1114112K
  class space    used 2538K, committed 3008K, reserved 1048576K
}
Event: 13.974 GC heap before
{Heap before GC invocations=11 (full 1):
 PSYoungGen      total 26112K, used 24668K [0x00000000eab00000, 0x00000000ec980000, 0x0000000100000000)
  eden space 23552K, 100% used [0x00000000eab00000,0x00000000ec200000,0x00000000ec200000)
  from space 2560K, 43% used [0x00000000ec500000,0x00000000ec6172a8,0x00000000ec780000)
  to   space 1536K, 0% used [0x00000000ec800000,0x00000000ec800000,0x00000000ec980000)
 ParOldGen       total 68608K, used 13330K [0x00000000c0000000, 0x00000000c4300000, 0x00000000eab00000)
  object space 68608K, 19% used [0x00000000c0000000,0x00000000c0d04960,0x00000000c4300000)
 Metaspace       used 27842K, committed 28864K, reserved 1114112K
  class space    used 2676K, committed 3136K, reserved 1048576K
}
Event: 13.977 GC heap after
{Heap after GC invocations=11 (full 1):
 PSYoungGen      total 24576K, used 1519K [0x00000000eab00000, 0x00000000ec980000, 0x0000000100000000)
  eden space 23040K, 0% used [0x00000000eab00000,0x00000000eab00000,0x00000000ec180000)
  from space 1536K, 98% used [0x00000000ec800000,0x00000000ec97bda0,0x00000000ec980000)
  to   space 4096K, 0% used [0x00000000ec180000,0x00000000ec180000,0x00000000ec580000)
 ParOldGen       total 68608K, used 15261K [0x00000000c0000000, 0x00000000c4300000, 0x00000000eab00000)
  object space 68608K, 22% used [0x00000000c0000000,0x00000000c0ee7410,0x00000000c4300000)
 Metaspace       used 27842K, committed 28864K, reserved 1114112K
  class space    used 2676K, committed 3136K, reserved 1048576K
}
Event: 14.866 GC heap before
{Heap before GC invocations=12 (full 1):
 PSYoungGen      total 24576K, used 24549K [0x00000000eab00000, 0x00000000ec980000, 0x0000000100000000)
  eden space 23040K, 99% used [0x00000000eab00000,0x00000000ec17d728,0x00000000ec180000)
  from space 1536K, 98% used [0x00000000ec800000,0x00000000ec97bda0,0x00000000ec980000)
  to   space 4096K, 0% used [0x00000000ec180000,0x00000000ec180000,0x00000000ec580000)
 ParOldGen       total 68608K, used 15261K [0x00000000c0000000, 0x00000000c4300000, 0x00000000eab00000)
  object space 68608K, 22% used [0x00000000c0000000,0x00000000c0ee7410,0x00000000c4300000)
 Metaspace       used 30911K, committed 31936K, reserved 1114112K
  class space    used 3034K, committed 3456K, reserved 1048576K
}
Event: 14.869 GC heap after
{Heap after GC invocations=12 (full 1):
 PSYoungGen      total 26624K, used 1514K [0x00000000eab00000, 0x00000000ec880000, 0x0000000100000000)
  eden space 22528K, 0% used [0x00000000eab00000,0x00000000eab00000,0x00000000ec100000)
  from space 4096K, 36% used [0x00000000ec180000,0x00000000ec2fa8e8,0x00000000ec580000)
  to   space 2560K, 0% used [0x00000000ec600000,0x00000000ec600000,0x00000000ec880000)
 ParOldGen       total 68608K, used 16585K [0x00000000c0000000, 0x00000000c4300000, 0x00000000eab00000)
  object space 68608K, 24% used [0x00000000c0000000,0x00000000c10326c0,0x00000000c4300000)
 Metaspace       used 30911K, committed 31936K, reserved 1114112K
  class space    used 3034K, committed 3456K, reserved 1048576K
}
Event: 15.610 GC heap before
{Heap before GC invocations=13 (full 1):
 PSYoungGen      total 26624K, used 24038K [0x00000000eab00000, 0x00000000ec880000, 0x0000000100000000)
  eden space 22528K, 99% used [0x00000000eab00000,0x00000000ec0fef50,0x00000000ec100000)
  from space 4096K, 36% used [0x00000000ec180000,0x00000000ec2fa8e8,0x00000000ec580000)
  to   space 2560K, 0% used [0x00000000ec600000,0x00000000ec600000,0x00000000ec880000)
 ParOldGen       total 68608K, used 16585K [0x00000000c0000000, 0x00000000c4300000, 0x00000000eab00000)
  object space 68608K, 24% used [0x00000000c0000000,0x00000000c10326c0,0x00000000c4300000)
 Metaspace       used 33269K, committed 34368K, reserved 1114112K
  class space    used 3307K, committed 3776K, reserved 1048576K
}
Event: 15.614 GC heap after
{Heap after GC invocations=13 (full 1):
 PSYoungGen      total 23552K, used 1053K [0x00000000eab00000, 0x00000000ec780000, 0x0000000100000000)
  eden space 22016K, 0% used [0x00000000eab00000,0x00000000eab00000,0x00000000ec080000)
  from space 1536K, 68% used [0x00000000ec600000,0x00000000ec707510,0x00000000ec780000)
  to   space 1536K, 0% used [0x00000000ec480000,0x00000000ec480000,0x00000000ec600000)
 ParOldGen       total 68608K, used 17765K [0x00000000c0000000, 0x00000000c4300000, 0x00000000eab00000)
  object space 68608K, 25% used [0x00000000c0000000,0x00000000c11594c8,0x00000000c4300000)
 Metaspace       used 33269K, committed 34368K, reserved 1114112K
  class space    used 3307K, committed 3776K, reserved 1048576K
}
Event: 15.874 GC heap before
{Heap before GC invocations=14 (full 1):
 PSYoungGen      total 23552K, used 15656K [0x00000000eab00000, 0x00000000ec780000, 0x0000000100000000)
  eden space 22016K, 66% used [0x00000000eab00000,0x00000000eb942d78,0x00000000ec080000)
  from space 1536K, 68% used [0x00000000ec600000,0x00000000ec707510,0x00000000ec780000)
  to   space 1536K, 0% used [0x00000000ec480000,0x00000000ec480000,0x00000000ec600000)
 ParOldGen       total 68608K, used 17765K [0x00000000c0000000, 0x00000000c4300000, 0x00000000eab00000)
  object space 68608K, 25% used [0x00000000c0000000,0x00000000c11594c8,0x00000000c4300000)
 Metaspace       used 34790K, committed 35904K, reserved 1114112K
  class space    used 3488K, committed 3968K, reserved 1048576K
}
Event: 15.876 GC heap after
{Heap after GC invocations=14 (full 1):
 PSYoungGen      total 23552K, used 1224K [0x00000000eab00000, 0x00000000ec680000, 0x0000000100000000)
  eden space 22016K, 0% used [0x00000000eab00000,0x00000000eab00000,0x00000000ec080000)
  from space 1536K, 79% used [0x00000000ec480000,0x00000000ec5b2060,0x00000000ec600000)
  to   space 512K, 0% used [0x00000000ec600000,0x00000000ec600000,0x00000000ec680000)
 ParOldGen       total 68608K, used 18717K [0x00000000c0000000, 0x00000000c4300000, 0x00000000eab00000)
  object space 68608K, 27% used [0x00000000c0000000,0x00000000c1247520,0x00000000c4300000)
 Metaspace       used 34790K, committed 35904K, reserved 1114112K
  class space    used 3488K, committed 3968K, reserved 1048576K
}
Event: 15.893 GC heap before
{Heap before GC invocations=15 (full 1):
 PSYoungGen      total 23552K, used 3932K [0x00000000eab00000, 0x00000000ec680000, 0x0000000100000000)
  eden space 22016K, 12% used [0x00000000eab00000,0x00000000eada5238,0x00000000ec080000)
  from space 1536K, 79% used [0x00000000ec480000,0x00000000ec5b2060,0x00000000ec600000)
  to   space 512K, 0% used [0x00000000ec600000,0x00000000ec600000,0x00000000ec680000)
 ParOldGen       total 68608K, used 18717K [0x00000000c0000000, 0x00000000c4300000, 0x00000000eab00000)
  object space 68608K, 27% used [0x00000000c0000000,0x00000000c1247520,0x00000000c4300000)
 Metaspace       used 35114K, committed 36160K, reserved 1114112K
  class space    used 3523K, committed 3968K, reserved 1048576K
}
Event: 15.895 GC heap after
{Heap after GC invocations=15 (full 1):
 PSYoungGen      total 22528K, used 229K [0x00000000eab00000, 0x00000000ec680000, 0x0000000100000000)
  eden space 22016K, 0% used [0x00000000eab00000,0x00000000eab00000,0x00000000ec080000)
  from space 512K, 44% used [0x00000000ec600000,0x00000000ec639778,0x00000000ec680000)
  to   space 1024K, 0% used [0x00000000ec480000,0x00000000ec480000,0x00000000ec580000)
 ParOldGen       total 68608K, used 19673K [0x00000000c0000000, 0x00000000c4300000, 0x00000000eab00000)
  object space 68608K, 28% used [0x00000000c0000000,0x00000000c1336518,0x00000000c4300000)
 Metaspace       used 35114K, committed 36160K, reserved 1114112K
  class space    used 3523K, committed 3968K, reserved 1048576K
}
Event: 15.895 GC heap before
{Heap before GC invocations=16 (full 2):
 PSYoungGen      total 22528K, used 229K [0x00000000eab00000, 0x00000000ec680000, 0x0000000100000000)
  eden space 22016K, 0% used [0x00000000eab00000,0x00000000eab00000,0x00000000ec080000)
  from space 512K, 44% used [0x00000000ec600000,0x00000000ec639778,0x00000000ec680000)
  to   space 1024K, 0% used [0x00000000ec480000,0x00000000ec480000,0x00000000ec580000)
 ParOldGen       total 68608K, used 19673K [0x00000000c0000000, 0x00000000c4300000, 0x00000000eab00000)
  object space 68608K, 28% used [0x00000000c0000000,0x00000000c1336518,0x00000000c4300000)
 Metaspace       used 35114K, committed 36160K, reserved 1114112K
  class space    used 3523K, committed 3968K, reserved 1048576K
}
Event: 15.943 GC heap after
{Heap after GC invocations=16 (full 2):
 PSYoungGen      total 22528K, used 0K [0x00000000eab00000, 0x00000000ec680000, 0x0000000100000000)
  eden space 22016K, 0% used [0x00000000eab00000,0x00000000eab00000,0x00000000ec080000)
  from space 512K, 0% used [0x00000000ec600000,0x00000000ec600000,0x00000000ec680000)
  to   space 1024K, 0% used [0x00000000ec480000,0x00000000ec480000,0x00000000ec580000)
 ParOldGen       total 68608K, used 18776K [0x00000000c0000000, 0x00000000c4300000, 0x00000000eab00000)
  object space 68608K, 27% used [0x00000000c0000000,0x00000000c1256360,0x00000000c4300000)
 Metaspace       used 35114K, committed 36160K, reserved 1114112K
  class space    used 3523K, committed 3968K, reserved 1048576K
}
Event: 16.484 GC heap before
{Heap before GC invocations=17 (full 2):
 PSYoungGen      total 22528K, used 22016K [0x00000000eab00000, 0x00000000ec680000, 0x0000000100000000)
  eden space 22016K, 100% used [0x00000000eab00000,0x00000000ec080000,0x00000000ec080000)
  from space 512K, 0% used [0x00000000ec600000,0x00000000ec600000,0x00000000ec680000)
  to   space 1024K, 0% used [0x00000000ec480000,0x00000000ec480000,0x00000000ec580000)
 ParOldGen       total 68608K, used 18776K [0x00000000c0000000, 0x00000000c4300000, 0x00000000eab00000)
  object space 68608K, 27% used [0x00000000c0000000,0x00000000c1256360,0x00000000c4300000)
 Metaspace       used 37341K, committed 38592K, reserved 1114112K
  class space    used 3807K, committed 4352K, reserved 1048576K
}
Event: 16.488 GC heap after
{Heap after GC invocations=17 (full 2):
 PSYoungGen      total 23040K, used 1024K [0x00000000eab00000, 0x00000000ec680000, 0x0000000100000000)
  eden space 22016K, 0% used [0x00000000eab00000,0x00000000eab00000,0x00000000ec080000)
  from space 1024K, 100% used [0x00000000ec480000,0x00000000ec580000,0x00000000ec580000)
  to   space 1024K, 0% used [0x00000000ec580000,0x00000000ec580000,0x00000000ec680000)
 ParOldGen       total 68608K, used 19517K [0x00000000c0000000, 0x00000000c4300000, 0x00000000eab00000)
  object space 68608K, 28% used [0x00000000c0000000,0x00000000c130f6b8,0x00000000c4300000)
 Metaspace       used 37341K, committed 38592K, reserved 1114112K
  class space    used 3807K, committed 4352K, reserved 1048576K
}
Event: 17.310 GC heap before
{Heap before GC invocations=18 (full 2):
 PSYoungGen      total 23040K, used 23040K [0x00000000eab00000, 0x00000000ec680000, 0x0000000100000000)
  eden space 22016K, 100% used [0x00000000eab00000,0x00000000ec080000,0x00000000ec080000)
  from space 1024K, 100% used [0x00000000ec480000,0x00000000ec580000,0x00000000ec580000)
  to   space 1024K, 0% used [0x00000000ec580000,0x00000000ec580000,0x00000000ec680000)
 ParOldGen       total 68608K, used 19517K [0x00000000c0000000, 0x00000000c4300000, 0x00000000eab00000)
  object space 68608K, 28% used [0x00000000c0000000,0x00000000c130f6b8,0x00000000c4300000)
 Metaspace       used 39450K, committed 40640K, reserved 1114112K
  class space    used 4065K, committed 4608K, reserved 1048576K
}
Event: 17.313 GC heap after
{Heap after GC invocations=18 (full 2):
 PSYoungGen      total 23040K, used 1024K [0x00000000eab00000, 0x00000000ec780000, 0x0000000100000000)
  eden space 22016K, 0% used [0x00000000eab00000,0x00000000eab00000,0x00000000ec080000)
  from space 1024K, 100% used [0x00000000ec580000,0x00000000ec680000,0x00000000ec680000)
  to   space 3584K, 0% used [0x00000000ec080000,0x00000000ec080000,0x00000000ec400000)
 ParOldGen       total 68608K, used 21362K [0x00000000c0000000, 0x00000000c4300000, 0x00000000eab00000)
  object space 68608K, 31% used [0x00000000c0000000,0x00000000c14dcac0,0x00000000c4300000)
 Metaspace       used 39450K, committed 40640K, reserved 1114112K
  class space    used 4065K, committed 4608K, reserved 1048576K
}
Event: 18.065 GC heap before
{Heap before GC invocations=19 (full 2):
 PSYoungGen      total 23040K, used 23040K [0x00000000eab00000, 0x00000000ec780000, 0x0000000100000000)
  eden space 22016K, 100% used [0x00000000eab00000,0x00000000ec080000,0x00000000ec080000)
  from space 1024K, 100% used [0x00000000ec580000,0x00000000ec680000,0x00000000ec680000)
  to   space 3584K, 0% used [0x00000000ec080000,0x00000000ec080000,0x00000000ec400000)
 ParOldGen       total 68608K, used 21362K [0x00000000c0000000, 0x00000000c4300000, 0x00000000eab00000)
  object space 68608K, 31% used [0x00000000c0000000,0x00000000c14dcac0,0x00000000c4300000)
 Metaspace       used 41455K, committed 42624K, reserved 1114112K
  class space    used 4293K, committed 4800K, reserved 1048576K
}
Event: 18.071 GC heap after
{Heap after GC invocations=19 (full 2):
 PSYoungGen      total 24064K, used 1888K [0x00000000eab00000, 0x00000000ec600000, 0x0000000100000000)
  eden space 22016K, 0% used [0x00000000eab00000,0x00000000eab00000,0x00000000ec080000)
  from space 2048K, 92% used [0x00000000ec080000,0x00000000ec258000,0x00000000ec280000)
  to   space 2560K, 0% used [0x00000000ec380000,0x00000000ec380000,0x00000000ec600000)
 ParOldGen       total 68608K, used 22322K [0x00000000c0000000, 0x00000000c4300000, 0x00000000eab00000)
  object space 68608K, 32% used [0x00000000c0000000,0x00000000c15ccac0,0x00000000c4300000)
 Metaspace       used 41455K, committed 42624K, reserved 1114112K
  class space    used 4293K, committed 4800K, reserved 1048576K
}

